TN:
SF:src\modules\appointments\services\CreateAppointmentService.ts
FN:24,(anonymous_18)
FN:25,CreateAppointmentService
FN:30,(anonymous_20)
FNF:3
FNH:3
FNDA:1,(anonymous_18)
FNDA:2,CreateAppointmentService
FNDA:3,(anonymous_20)
DA:1,1
DA:3,1
DA:5,1
DA:24,1
DA:27,2
DA:30,3
DA:31,3
DA:34,3
DA:38,3
DA:39,1
DA:42,2
DA:47,2
DA:49,1
DA:51,1
LF:14
LH:14
BRDA:38,0,0,1
BRDA:38,0,1,2
BRF:2
BRH:2
end_of_record
TN:
SF:src\modules\users\services\AuthenticateUserService.ts
FN:23,(anonymous_18)
FN:24,AuthenticateUserService
FN:32,(anonymous_20)
FNF:3
FNH:3
FNDA:1,(anonymous_18)
FNDA:3,AuthenticateUserService
FNDA:3,(anonymous_20)
DA:1,1
DA:2,1
DA:3,1
DA:5,1
DA:23,1
DA:26,3
DA:29,3
DA:32,3
DA:33,3
DA:35,3
DA:36,1
DA:41,2
DA:45,2
DA:46,1
DA:49,1
DA:52,1
DA:56,1
DA:61,1
DA:63,1
LF:19
LH:19
BRDA:33,0,0,3
BRDA:35,1,0,1
BRDA:35,1,1,2
BRDA:45,2,0,1
BRDA:45,2,1,1
BRF:5
BRH:5
end_of_record
TN:
SF:src\modules\users\services\CreateUserService.ts
FN:18,(anonymous_18)
FN:19,CreateUserService
FN:27,(anonymous_20)
FNF:3
FNH:3
FNDA:2,(anonymous_18)
FNDA:4,CreateUserService
FNDA:5,(anonymous_20)
DA:1,2
DA:3,2
DA:18,2
DA:21,4
DA:24,4
DA:27,5
DA:28,5
DA:30,5
DA:31,1
DA:34,4
DA:36,4
DA:42,4
DA:44,2
DA:46,2
LF:14
LH:14
BRDA:28,0,0,5
BRDA:30,1,0,1
BRDA:30,1,1,4
BRF:3
BRH:3
end_of_record
TN:
SF:src\modules\users\services\UpdateUserAvatarService.ts
FN:15,(anonymous_18)
FN:16,UpdateUserAvatarService
FN:24,(anonymous_20)
FNF:3
FNH:3
FNDA:1,(anonymous_18)
FNDA:3,UpdateUserAvatarService
FNDA:4,(anonymous_20)
DA:1,1
DA:3,1
DA:15,1
DA:18,3
DA:21,3
DA:24,4
DA:25,4
DA:26,4
DA:27,4
DA:28,1
DA:32,5
DA:33,2
DA:36,3
DA:38,3
DA:40,6
DA:42,3
DA:44,1
DA:46,1
LF:18
LH:18
BRDA:25,0,0,4
BRDA:25,0,1,3
BRDA:27,1,0,1
BRDA:27,1,1,3
BRDA:32,2,0,2
BRDA:32,2,1,1
BRF:6
BRH:6
end_of_record
